  Asteroids.cpp
F:\AsteroidsGame\Asteroids_Ship1\Blit3Dv3\Asteroids.cpp(71,27): warning C4244: '=': conversion from 'double' to 'T', possible loss of data
          with
          [
              T=float
          ]
F:\AsteroidsGame\Asteroids_Ship1\Blit3Dv3\Asteroids.cpp(72,27): warning C4244: '=': conversion from 'double' to 'T', possible loss of data
          with
          [
              T=float
          ]
F:\AsteroidsGame\Asteroids_Ship1\Blit3Dv3\Asteroids.cpp(85,78): warning C4305: 'argument': truncation from 'double' to 'float'
  AngelcodeFont.cpp
  BFont.cpp
  Blit3D.cpp
  ByteSwap.cpp
  glslprogram.cpp
  glutils.cpp
  Logger.cpp
  RenderBuffer.cpp
  ShaderManager.cpp
  Sprite.cpp
  TextureManager.cpp
  main.cpp
F:\AsteroidsGame\Asteroids_Ship1\Blit3Dv3\main.cpp(82,2): warning C4267: 'initializing': conversion from 'size_t' to 'int', possible loss of data
F:\AsteroidsGame\Asteroids_Ship1\Blit3Dv3\main.cpp(88,2): warning C4267: 'initializing': conversion from 'size_t' to 'int', possible loss of data
F:\AsteroidsGame\Asteroids_Ship1\Blit3Dv3\main.cpp(116,51): warning C4244: 'argument': conversion from 'int' to 'GLfloat', possible loss of data
F:\AsteroidsGame\Asteroids_Ship1\Blit3Dv3\main.cpp(141,29): warning C4244: '+=': conversion from 'double' to 'float', possible loss of data
F:\AsteroidsGame\Asteroids_Ship1\Blit3Dv3\main.cpp(163,3): warning C4267: 'initializing': conversion from 'size_t' to 'int', possible loss of data
F:\AsteroidsGame\Asteroids_Ship1\Blit3Dv3\main.cpp(174,3): warning C4267: 'initializing': conversion from 'size_t' to 'int', possible loss of data
F:\AsteroidsGame\Asteroids_Ship1\Blit3Dv3\main.cpp(187,4): warning C4267: 'initializing': conversion from 'size_t' to 'int', possible loss of data
F:\AsteroidsGame\Asteroids_Ship1\Blit3Dv3\main.cpp(322,27): warning C4244: '=': conversion from 'double' to 'T', possible loss of data
          with
          [
              T=float
          ]
F:\AsteroidsGame\Asteroids_Ship1\Blit3Dv3\main.cpp(323,27): warning C4244: '=': conversion from 'double' to 'T', possible loss of data
          with
          [
              T=float
          ]
  Projectile.cpp
F:\AsteroidsGame\Asteroids_Ship1\Blit3Dv3\Projectile.cpp(65,50): warning C4244: 'argument': conversion from 'int' to 'GLfloat', possible loss of data
F:\AsteroidsGame\Asteroids_Ship1\Blit3Dv3\Projectile.cpp(65,40): warning C4244: 'argument': conversion from 'int' to 'GLfloat', possible loss of data
  Ship.cpp
F:\AsteroidsGame\Asteroids_Ship1\Blit3Dv3\Ship.cpp(51,19): warning C4305: '=': truncation from 'double' to 'float'
  glew.c
  context.c
F:\AsteroidsGame\Asteroids_Ship1\Blit3Dv3\Blit3DBaseFiles\GLFW\context.c(377,10): warning C4996: 'sscanf': This function or variable may be unsafe. Consider using sscanf_s instead. To disable deprecation, use _CRT_SECURE_NO_WARNINGS. See online help for details.
  egl_context.c
  init.c
  input.c
  monitor.c
  vulkan.c
  wgl_context.c
  win32_init.c
  win32_joystick.c
  win32_monitor.c
F:\AsteroidsGame\Asteroids_Ship1\Blit3Dv3\Blit3DBaseFiles\GLFW\win32_monitor.c(68,11): warning C4996: 'wcscpy': This function or variable may be unsafe. Consider using wcscpy_s instead. To disable deprecation, use _CRT_SECURE_NO_WARNINGS. See online help for details.
F:\AsteroidsGame\Asteroids_Ship1\Blit3Dv3\Blit3DBaseFiles\GLFW\win32_monitor.c(77,15): warning C4996: 'wcscpy': This function or variable may be unsafe. Consider using wcscpy_s instead. To disable deprecation, use _CRT_SECURE_NO_WARNINGS. See online help for details.
  win32_time.c
  win32_tls.c
  win32_window.c
  window.c
  Generating code
  Previous IPDB not found, fall back to full compilation.
  All 2591 functions were compiled because no usable IPDB/IOBJ from previous compilation was found.
  Finished generating code
  Blit3Dv3.vcxproj -> F:\AsteroidsGame\Asteroids_Ship1\x64\Release\Blit3Dv3.exe
